<?xml version="1.0" encoding="UTF-8"?>
<testsuite name="pairmatching.PairMatcherTest" tests="1" skipped="0" failures="0" errors="0" timestamp="2022-12-16T10:10:27" hostname="ihaneul-ui-MacBookAir.local" time="0.015">
  <properties/>
  <testcase name="파일_입출력_백엔드()" classname="pairmatching.PairMatcherTest" time="0.015"/>
  <system-out><![CDATA[]]></system-out>
  <system-err><![CDATA[]]></system-err>
</testsuite>
